2.088598541705931711e+04
2.103651518701006353e+04
2.091779171329413657e+04
2.099051328402153376e+04
2.091787666608833024e+04
2.100423210762169765e+04
2.089749784657336932e+04
2.096907428590888594e+04
2.086362276060891963e+04
2.091621105173796968e+04
2.092337321283123310e+04
2.099683663240482201e+04
2.093899663873216195e+04
2.104288356015958925e+04
2.097217623617332720e+04
2.106395323371400082e+04
2.097642629624754773e+04
2.091607010799180352e+04
2.100474339282250003e+04
2.097505703958477170e+04
2.099128717982610033e+04
2.089643993166103246e+04
2.094850833458694251e+04
2.091837865897096344e+04
2.088417226435686825e+04
2.095009286770659673e+04
2.082127885926349700e+04
2.105383509834824872e+04
2.096690516679493521e+04
2.099483423895721353e+04
2.090484247982606030e+04
2.081695252841746333e+04
2.085347395241393315e+04
2.097295613986102398e+04
2.094407177603106902e+04
2.099042704721364862e+04
2.098048848719177840e+04
2.095617211790190777e+04
2.096355439473264778e+04
2.099078516078567191e+04
2.103410002972185976e+04
2.095168338494605632e+04
2.083866459609845697e+04
2.088234789427519718e+04
2.092759071220630722e+04
2.091049209705520116e+04
2.092265003984395662e+04
2.102892608143000689e+04
2.094842849615805972e+04
2.094419520409036704e+04
2.088838231445645943e+04
2.093621452574506475e+04
2.101433567602535550e+04
2.094397139323009833e+04
2.096330678721841468e+04
2.091061577101236253e+04
2.095038906062783644e+04
2.099712818042080471e+04
2.091936011803338261e+04
2.099806207723933767e+04
2.091089299350238434e+04
2.099971245642602662e+04
2.081451584586259924e+04
2.092753418501387932e+04
2.090541422400036026e+04
2.097219874809691464e+04
2.092675148585349598e+04
2.095823000862373374e+04
2.087373351883785654e+04
2.093609803244903014e+04
2.091148656818828022e+04
2.098205294340019100e+04
2.083317463927274366e+04
2.092757191325848544e+04
2.094816786063035033e+04
2.095602650159631958e+04
2.082235900096109253e+04
2.100089311863258627e+04
2.101166823729022508e+04
2.095251373024570785e+04
2.095592128506459994e+04
2.089640459789091983e+04
2.109191163827118362e+04
2.100697873416477523e+04
2.095722918157010645e+04
2.088163269483761542e+04
2.094806517851978060e+04
2.087099375877850980e+04
2.091870033008298924e+04
2.089502879787248094e+04
2.094013018507527158e+04
2.093923701960946710e+04
2.089375248627468318e+04
2.095352512103080517e+04
2.089912354245100505e+04
2.098728487321557986e+04
2.080020032636154792e+04
2.091528457410164629e+04
2.093410820305638481e+04
2.096150369621437494e+04
2.090692892102917904e+04
2.095612090084066585e+04
2.093832837209038189e+04
2.093463501159779480e+04
2.093728545511204720e+04
2.102576031892421088e+04
2.099645873521507747e+04
2.092782392463455108e+04
2.101497976665866736e+04
2.093532578387682588e+04
2.100624313411423282e+04
2.098556099223676210e+04
2.089371989144048348e+04
2.091641015339655860e+04
2.097187643116077015e+04
2.093100614631444478e+04
2.096061785022037293e+04
2.102567029820279640e+04
2.103499667898921325e+04
2.092939197118227094e+04
2.105495998765521654e+04
2.098210664791595627e+04
2.087330338257269977e+04
2.096223491107129666e+04
2.099436253165641392e+04
2.099215922006002802e+04
2.100766863915474096e+04
2.104485613526843736e+04
2.101029983999806791e+04
2.098884937878264827e+04
2.101794211609848207e+04
2.101351529270671017e+04
2.092609662619325536e+04
2.083473396329751631e+04
2.091538555192103740e+04
2.094136516888288679e+04
2.093743592132798221e+04
2.094745713656776206e+04
2.088479773134008428e+04
2.088736285633676016e+04
2.098633729035070064e+04
2.099191873467843470e+04
2.096849188348357347e+04
2.096733613205940492e+04
2.096388763632600967e+04
2.093131114432635513e+04
2.087758857847607942e+04
2.094486762731365889e+04
2.097635291842101287e+04
2.088803037347910140e+04
2.099808795416205248e+04
2.103764774688890611e+04
2.087351379491664557e+04
2.094383571472505719e+04
2.088217278487099975e+04
2.090762644920014282e+04
2.092751625590778349e+04
2.099219891160327097e+04
2.093667084777781929e+04
2.088621321213963529e+04
2.097435295588308509e+04
2.098447107010589389e+04
2.094489341145838262e+04
2.095233348447824392e+04
2.091828536413921029e+04
2.087502958885477346e+04
2.087730889434582787e+04
2.092401544795852897e+04
2.099733267847017851e+04
2.098111454093120119e+04
2.091027579199205502e+04
2.088439911818869587e+04
2.094781292522247168e+04
2.094570118569453189e+04
2.096779939559032209e+04
2.093905912406535208e+04
2.099749692266195416e+04
2.091021302610612111e+04
2.089414877176897062e+04
2.084678163634411612e+04
2.098994166536007833e+04
2.094885815454098338e+04
2.100538125382088037e+04
2.090680748356053300e+04
2.088206102440883478e+04
2.096939099127131703e+04
2.088125642913924094e+04
2.093362742402438380e+04
2.100067544882260336e+04
2.097923305602878099e+04
2.082496554327125705e+04
2.099188027661989690e+04
2.091812947888034978e+04
2.083869663992286223e+04
2.098294476984567518e+04
2.097442146113235867e+04
2.097733942429547824e+04
2.094302785705472343e+04
2.097787876522549413e+04
2.104572278556525634e+04
2.092758739880693247e+04
2.091213229686871273e+04
2.094904431099256180e+04
2.094058301043516258e+04
2.089258475224879294e+04
2.092995530674191468e+04
2.089197026692573127e+04
2.093209886663686120e+04
2.090258028935300536e+04
2.096859531544738275e+04
2.098617704143455194e+04
2.100315483476218287e+04
2.099394307793923508e+04
2.090062777660559732e+04
2.099469687940930089e+04
2.095131726808527310e+04
2.093607822288478565e+04
2.088249564209640812e+04
2.086538855955926556e+04
2.102016815120628235e+04
2.082128471971562612e+04
2.091157704528231989e+04
2.105085661324902321e+04
2.088936059467988525e+04
2.105900698874288719e+04
2.096942798067134936e+04
2.099829678061895538e+04
2.091716048007075005e+04
2.096479684436970638e+04
2.098259944141702363e+04
2.096357970202432989e+04
2.095176010907197633e+04
2.096975958366933992e+04
2.097112812770419987e+04
2.096133620962627174e+04
2.099349763181231901e+04
2.099818603976351005e+04
2.099898532091413654e+04
2.094295208423361692e+04
2.096817311597225125e+04
2.091541544952184631e+04
2.089962130350376174e+04
2.103487368131762196e+04
2.093052123507063880e+04
2.099676622039795984e+04
2.099095333451230181e+04
2.093012960436780122e+04
2.096306600944893944e+04
2.091167852421128191e+04
2.090947165707233580e+04
